Checking whether the ASM compiler is GNU using "--version" did not match "(GNU assembler)|(GCC)|(Free Software Foundation)":
Microsoft (R) C/C++ Optimizing Compiler Version 19.29.30130.2 for x64
Copyright (C) Microsoft Corporation.  All rights reserved.

cl : Command line warning D9002 : ignoring unknown option '--version'
cl : Command line error D8003 : missing source filename
Checking whether the ASM compiler is Clang using "--version" did not match "(clang version)":
Microsoft (R) C/C++ Optimizing Compiler Version 19.29.30130.2 for x64
Copyright (C) Microsoft Corporation.  All rights reserved.

cl : Command line warning D9002 : ignoring unknown option '--version'
cl : Command line error D8003 : missing source filename
Checking whether the ASM compiler is AppleClang using "--version" did not match "(Apple LLVM version)":
Microsoft (R) C/C++ Optimizing Compiler Version 19.29.30130.2 for x64
Copyright (C) Microsoft Corporation.  All rights reserved.

cl : Command line warning D9002 : ignoring unknown option '--version'
cl : Command line error D8003 : missing source filename
Checking whether the ASM compiler is ARMClang using "--version" did not match "armclang":
Microsoft (R) C/C++ Optimizing Compiler Version 19.29.30130.2 for x64
Copyright (C) Microsoft Corporation.  All rights reserved.

cl : Command line warning D9002 : ignoring unknown option '--version'
cl : Command line error D8003 : missing source filename
Checking whether the ASM compiler is HP using "-V" did not match "HP C":
Microsoft (R) C/C++ Optimizing Compiler Version 19.29.30130.2 for x64
Copyright (C) Microsoft Corporation.  All rights reserved.

cl : Command line error D8004 : '/V' requires an argument
Checking whether the ASM compiler is Intel using "--version" did not match "(ICC)":
Microsoft (R) C/C++ Optimizing Compiler Version 19.29.30130.2 for x64
Copyright (C) Microsoft Corporation.  All rights reserved.

cl : Command line warning D9002 : ignoring unknown option '--version'
cl : Command line error D8003 : missing source filename
Checking whether the ASM compiler is IntelLLVM using "--version" did not match "(Intel[^
]+oneAPI)":
Microsoft (R) C/C++ Optimizing Compiler Version 19.29.30130.2 for x64
Copyright (C) Microsoft Corporation.  All rights reserved.

cl : Command line warning D9002 : ignoring unknown option '--version'
cl : Command line error D8003 : missing source filename
Checking whether the ASM compiler is SunPro using "-V" did not match "Sun C":
Microsoft (R) C/C++ Optimizing Compiler Version 19.29.30130.2 for x64
Copyright (C) Microsoft Corporation.  All rights reserved.

cl : Command line error D8004 : '/V' requires an argument
Checking whether the ASM compiler is XL using "-qversion" did not match "XL C":
Microsoft (R) C/C++ Optimizing Compiler Version 19.29.30130.2 for x64
Copyright (C) Microsoft Corporation.  All rights reserved.

cl : Command line warning D9002 : ignoring unknown option '-qversion'
cl : Command line error D8003 : missing source filename
Performing C SOURCE FILE Test HAVE_LD_VERSION_SCRIPT failed with the following output:
Change Dir: C:/Users/brown/AppData/Local/Temp/pip-install-alldnudv/pillow-simd_97ec4622df614db39fbf454605735010/winbuild/build/lpng1640/CMakeFiles/CMakeTmp

Run Build Command(s):nmake -f Makefile /nologo cmTC_4665d\fast && 	"C:\Program Files\Microsoft Visual Studio\2022\Preview\VC\Tools\MSVC\14.29.30130\bin\HostX86\x64\nmake.exe"  -f CMakeFiles\cmTC_4665d.dir\build.make /nologo -L                  CMakeFiles\cmTC_4665d.dir\build
Building C object CMakeFiles/cmTC_4665d.dir/src.c.obj
	"C:\Program Files\Microsoft Visual Studio\2022\Preview\Common7\IDE\CommonExtensions\Microsoft\CMake\CMake\bin\cmake.exe" -E cmake_cl_compile_depends --dep-file=CMakeFiles\cmTC_4665d.dir\src.c.obj.d --working-dir=C:\Users\brown\AppData\Local\Temp\pip-install-alldnudv\pillow-simd_97ec4622df614db39fbf454605735010\winbuild\build\lpng1640\CMakeFiles\CMakeTmp --filter-prefix="Note: including file: " -- C:\PROGRA~1\MIB055~1\2022\Preview\VC\Tools\MSVC\1429~1.301\bin\Hostx86\x64\cl.exe @C:\Users\brown\AppData\Local\Temp\nm1B4E.tmp
cl : Command line error D8021 : invalid numeric argument '/Wl,--version-script='C:/Users/brown/AppData/Local/Temp/pip-install-alldnudv/pillow-simd_97ec4622df614db39fbf454605735010/winbuild/build/lpng1640/conftest.map''
NMAKE : fatal error U1077: '"C:\Program Files\Microsoft Visual Studio\2022\Preview\Common7\IDE\CommonExtensions\Microsoft\CMake\CMake\bin\cmake.exe"' : return code '0x2'
Stop.
NMAKE : fatal error U1077: '"C:\Program Files\Microsoft Visual Studio\2022\Preview\VC\Tools\MSVC\14.29.30130\bin\HostX86\x64\nmake.exe"' : return code '0x2'
Stop.


Source file was:

void sym1(void) {}
void sym2(void) {}
int main(void) { return 0; }

Performing C SOURCE FILE Test HAVE_SOLARIS_LD_VERSION_SCRIPT failed with the following output:
Change Dir: C:/Users/brown/AppData/Local/Temp/pip-install-alldnudv/pillow-simd_97ec4622df614db39fbf454605735010/winbuild/build/lpng1640/CMakeFiles/CMakeTmp

Run Build Command(s):nmake -f Makefile /nologo cmTC_a1a81\fast && 	"C:\Program Files\Microsoft Visual Studio\2022\Preview\VC\Tools\MSVC\14.29.30130\bin\HostX86\x64\nmake.exe"  -f CMakeFiles\cmTC_a1a81.dir\build.make /nologo -L                  CMakeFiles\cmTC_a1a81.dir\build
Building C object CMakeFiles/cmTC_a1a81.dir/src.c.obj
	"C:\Program Files\Microsoft Visual Studio\2022\Preview\Common7\IDE\CommonExtensions\Microsoft\CMake\CMake\bin\cmake.exe" -E cmake_cl_compile_depends --dep-file=CMakeFiles\cmTC_a1a81.dir\src.c.obj.d --working-dir=C:\Users\brown\AppData\Local\Temp\pip-install-alldnudv\pillow-simd_97ec4622df614db39fbf454605735010\winbuild\build\lpng1640\CMakeFiles\CMakeTmp --filter-prefix="Note: including file: " -- C:\PROGRA~1\MIB055~1\2022\Preview\VC\Tools\MSVC\1429~1.301\bin\Hostx86\x64\cl.exe @C:\Users\brown\AppData\Local\Temp\nm1C29.tmp
cl : Command line error D8021 : invalid numeric argument '/Wl,-M'
NMAKE : fatal error U1077: '"C:\Program Files\Microsoft Visual Studio\2022\Preview\Common7\IDE\CommonExtensions\Microsoft\CMake\CMake\bin\cmake.exe"' : return code '0x2'
Stop.
NMAKE : fatal error U1077: '"C:\Program Files\Microsoft Visual Studio\2022\Preview\VC\Tools\MSVC\14.29.30130\bin\HostX86\x64\nmake.exe"' : return code '0x2'
Stop.


Source file was:

void sym1(void) {}
void sym2(void) {}
int main(void) { return 0; }

